[0m[[0m[0mdebug[0m] [0m[0mRunning TaskDef(Test, org.scalatest.tools.Framework$$anon$1@16d5f0b2, false, [SuiteSelector])[0m
[0m[[0m[0minfo[0m] [0m[0m[32mTest:[0m[0m
[0m[[0m[0minfo[0m] [0m[0m[32mreadToDF[0m[0m
[0m[[0m[0minfo[0m] [0m[0m[32m- should return 11 rows[0m[0m
[0m[[0m[0minfo[0m] [0m[0m[32mageGroupsInfectionRate[0m[0m
[0m[[0m[0minfo[0m] [0m[0m[31m- should return 2 columns *** FAILED ***[0m[0m
[0m[[0m[0minfo[0m] [0m[0m[31m  Array("_c0", "_c1", "_c2", "_c3", "_c4") had size 5 instead of expected size 2 (Test.scala:20)[0m[0m
[0m[[0m[0minfo[0m] [0m[0m[36mRun completed in 17 seconds, 596 milliseconds.[0m[0m
[0m[[0m[0minfo[0m] [0m[0m[36mTotal number of tests run: 2[0m[0m
[0m[[0m[0minfo[0m] [0m[0m[36mSuites: completed 1, aborted 0[0m[0m
[0m[[0m[0minfo[0m] [0m[0m[36mTests: succeeded 1, failed 1, canceled 0, ignored 0, pending 0[0m[0m
[0m[[0m[0minfo[0m] [0m[0m[31m*** 1 TEST FAILED ***[0m[0m
[0m[[0m[31merror[0m] [0m[0mFailed tests:[0m
[0m[[0m[31merror[0m] [0m[0m	Test[0m
[0m[[0m[31merror[0m] [0m[0m(Test / [31mtest[0m) sbt.TestsFailedException: Tests unsuccessful[0m
