[0m2021.02.03 14:47:27 INFO  Started: Metals version 0.9.10 in workspace '/home/jerry/covid-analysis-1/twitter-general/hashtag-count-comparison' for client vscode 1.51.1.[0m
[0m2021.02.03 14:47:29 INFO  time: initialize in 1.92s[0m
[0m2021.02.03 14:47:30 WARN  Build server is not auto-connectable.[0m
[0m2021.02.03 14:47:33 INFO  no build target: using presentation compiler with only scala-library[0m
[0m2021.02.03 14:47:35 WARN  no build target for: /home/jerry/covid-analysis-1/twitter-general/hashtag-count-comparison/src/main/scala/Runner.scala[0m
Feb 03, 2021 2:47:35 PM org.eclipse.lsp4j.jsonrpc.RemoteEndpoint handleCancellation
WARNING: Unmatched cancel notification for request id 3
Feb 03, 2021 2:47:35 PM org.eclipse.lsp4j.jsonrpc.RemoteEndpoint handleCancellation
WARNING: Unmatched cancel notification for request id 1
Feb 03, 2021 2:47:58 PM org.eclipse.lsp4j.jsonrpc.services.GenericEndpoint notify
INFO: Unsupported notification method: $/setTraceNotification
[0m2021.02.03 14:48:28 INFO  shutting down Metals[0m
[0m2021.02.03 14:51:55 INFO  Started: Metals version 0.9.10 in workspace '/home/jerry/covid-analysis-1/twitter-general/hashtag-count-comparison' for client vscode 1.51.1.[0m
[0m2021.02.03 14:51:57 INFO  time: initialize in 1.81s[0m
[0m2021.02.03 14:51:58 WARN  Build server is not auto-connectable.[0m
[0m2021.02.03 14:51:58 INFO  skipping build import with status 'Requested'[0m
[0m2021.02.03 14:52:02 INFO  no build target: using presentation compiler with only scala-library[0m
[0m2021.02.03 14:52:04 WARN  no build target for: /home/jerry/covid-analysis-1/twitter-general/hashtag-count-comparison/src/main/scala/Runner.scala[0m
Feb 03, 2021 2:55:08 PM org.eclipse.lsp4j.jsonrpc.services.GenericEndpoint notify
INFO: Unsupported notification method: $/setTraceNotification
[0m2021.02.03 15:41:05 INFO  Started: Metals version 0.9.10 in workspace '/home/jerry/covid-analysis-1/twitter-general/hashtag-count-comparison' for client vscode 1.51.1.[0m
[0m2021.02.03 15:41:06 INFO  time: initialize in 1.58s[0m
[0m2021.02.03 15:41:08 WARN  Build server is not auto-connectable.[0m
[0m2021.02.03 15:41:11 INFO  no build target: using presentation compiler with only scala-library[0m
[0m2021.02.03 15:41:13 WARN  no build target for: /home/jerry/covid-analysis-1/twitter-general/hashtag-count-comparison/src/test/scala/RunnerSpec.scala[0m
[0m2021.02.03 15:41:17 INFO  running '/usr/lib/jvm/java-11-openjdk-amd64/bin/java -Djline.terminal=jline.UnsupportedTerminal -Dsbt.log.noformat=true -Dfile.encoding=UTF-8 -jar /tmp/metals11121216252119059155/sbt-launch.jar -Dbloop.export-jar-classifiers=sources bloopInstall'[0m
[0m2021.02.03 15:41:19 INFO  [info] welcome to sbt 1.4.6 (Ubuntu Java 11.0.9.1)[0m
[0m2021.02.03 15:41:21 INFO  [info] loading global plugins from /home/jerry/.sbt/1.0/plugins[0m
[0m2021.02.03 15:41:22 INFO  [info] loading settings for project hashtag-count-comparison-build-build-build from metals.sbt ...[0m
[0m2021.02.03 15:41:22 INFO  [info] loading project definition from /home/jerry/covid-analysis-1/twitter-general/hashtag-count-comparison/project/project/project[0m
[0m2021.02.03 15:41:22 INFO  [info] loading settings for project hashtag-count-comparison-build-build from metals.sbt ...[0m
[0m2021.02.03 15:41:22 INFO  [info] loading project definition from /home/jerry/covid-analysis-1/twitter-general/hashtag-count-comparison/project/project[0m
[0m2021.02.03 15:41:26 INFO  [success] Generated .bloop/hashtag-count-comparison-build-build.json[0m
[0m2021.02.03 15:41:26 INFO  [success] Total time: 3 s, completed Feb 3, 2021, 3:41:26 PM[0m
[0m2021.02.03 15:41:26 INFO  [info] loading settings for project hashtag-count-comparison-build from metals.sbt,plugins.sbt ...[0m
[0m2021.02.03 15:41:26 INFO  [info] loading project definition from /home/jerry/covid-analysis-1/twitter-general/hashtag-count-comparison/project[0m
[0m2021.02.03 15:41:26 WARN  no build target for: /home/jerry/covid-analysis-1/twitter-general/hashtag-count-comparison/build.sbt[0m
[0m2021.02.03 15:41:27 INFO  [success] Generated .bloop/hashtag-count-comparison-build.json[0m
[0m2021.02.03 15:41:27 INFO  [success] Total time: 1 s, completed Feb 3, 2021, 3:41:27 PM[0m
[0m2021.02.03 15:41:27 INFO  [info] loading settings for project hashtag-count-comparison from build.sbt ...[0m
[0m2021.02.03 15:41:27 INFO  [info] set current project to HashtagCountComparison (in build file:/home/jerry/covid-analysis-1/twitter-general/hashtag-count-comparison/)[0m
[0m2021.02.03 15:41:27 INFO  [warn] .env file not found (fileName=.env), no .env environment configured.[0m
[0m2021.02.03 15:41:29 INFO  [warn] [0m
[0m2021.02.03 15:41:29 INFO  [warn] 	Note: Unresolved dependencies path:[0m
[0m2021.02.03 15:41:29 INFO  [error] sbt.librarymanagement.ResolveException: Error downloading com.holdenkarau:spark-testing-base_2.12:0.11.0[0m
[0m2021.02.03 15:41:29 INFO  [error]   Not found[0m
[0m2021.02.03 15:41:29 INFO  [error]   Not found[0m
[0m2021.02.03 15:41:29 INFO  [error]   not found: /home/jerry/.ivy2/localcom.holdenkarau/spark-testing-base_2.12/0.11.0/ivys/ivy.xml[0m
[0m2021.02.03 15:41:29 INFO  [error]   not found: https://repo1.maven.org/maven2/com/holdenkarau/spark-testing-base_2.12/0.11.0/spark-testing-base_2.12-0.11.0.pom[0m
[0m2021.02.03 15:41:29 INFO  [error] 	at lmcoursier.CoursierDependencyResolution.unresolvedWarningOrThrow(CoursierDependencyResolution.scala:258)[0m
[0m2021.02.03 15:41:29 INFO  [error] 	at lmcoursier.CoursierDependencyResolution.$anonfun$update$38(CoursierDependencyResolution.scala:227)[0m
[0m2021.02.03 15:41:29 INFO  [error] 	at scala.util.Either$LeftProjection.map(Either.scala:573)[0m
[0m2021.02.03 15:41:29 INFO  [error] 	at lmcoursier.CoursierDependencyResolution.update(CoursierDependencyResolution.scala:227)[0m
[0m2021.02.03 15:41:29 INFO  [error] 	at sbt.librarymanagement.DependencyResolution.update(DependencyResolution.scala:60)[0m
[0m2021.02.03 15:41:29 INFO  [error] 	at sbt.internal.LibraryManagement$.resolve$1(LibraryManagement.scala:53)[0m
[0m2021.02.03 15:41:29 INFO  [error] 	at sbt.internal.LibraryManagement$.$anonfun$cachedUpdate$12(LibraryManagement.scala:103)[0m
[0m2021.02.03 15:41:29 INFO  [error] 	at sbt.util.Tracked$.$anonfun$lastOutput$1(Tracked.scala:73)[0m
[0m2021.02.03 15:41:29 INFO  [error] 	at sbt.internal.LibraryManagement$.$anonfun$cachedUpdate$20(LibraryManagement.scala:116)[0m
[0m2021.02.03 15:41:29 INFO  [error] 	at scala.util.control.Exception$Catch.apply(Exception.scala:228)[0m
[0m2021.02.03 15:41:29 INFO  [error] 	at sbt.internal.LibraryManagement$.$anonfun$cachedUpdate$11(LibraryManagement.scala:116)[0m
[0m2021.02.03 15:41:29 INFO  [error] 	at sbt.internal.LibraryManagement$.$anonfun$cachedUpdate$11$adapted(LibraryManagement.scala:97)[0m
[0m2021.02.03 15:41:29 INFO  [error] 	at sbt.util.Tracked$.$anonfun$inputChangedW$1(Tracked.scala:219)[0m
[0m2021.02.03 15:41:29 INFO  [error] 	at sbt.internal.LibraryManagement$.cachedUpdate(LibraryManagement.scala:130)[0m
[0m2021.02.03 15:41:29 INFO  [error] 	at sbt.Classpaths$.$anonfun$updateTask0$5(Defaults.scala:3486)[0m
[0m2021.02.03 15:41:29 INFO  [error] 	at scala.Function1.$anonfun$compose$1(Function1.scala:49)[0m
[0m2021.02.03 15:41:29 INFO  [error] 	at sbt.internal.util.$tilde$greater.$anonfun$$u2219$1(TypeFunctions.scala:62)[0m
[0m2021.02.03 15:41:29 INFO  [error] 	at sbt.std.Transform$$anon$4.work(Transform.scala:68)[0m
[0m2021.02.03 15:41:29 INFO  [error] 	at sbt.Execute.$anonfun$submit$2(Execute.scala:282)[0m
[0m2021.02.03 15:41:29 INFO  [error] 	at sbt.internal.util.ErrorHandling$.wideConvert(ErrorHandling.scala:23)[0m
[0m2021.02.03 15:41:29 INFO  [error] 	at sbt.Execute.work(Execute.scala:291)[0m
[0m2021.02.03 15:41:29 INFO  [error] 	at sbt.Execute.$anonfun$submit$1(Execute.scala:282)[0m
[0m2021.02.03 15:41:29 INFO  [error] 	at sbt.ConcurrentRestrictions$$anon$4.$anonfun$submitValid$1(ConcurrentRestrictions.scala:265)[0m
[0m2021.02.03 15:41:29 INFO  [error] 	at sbt.CompletionService$$anon$2.call(CompletionService.scala:64)[0m
[0m2021.02.03 15:41:29 INFO  [error] 	at java.base/java.util.concurrent.FutureTask.run(FutureTask.java:264)[0m
[0m2021.02.03 15:41:29 INFO  [error] 	at java.base/java.util.concurrent.Executors$RunnableAdapter.call(Executors.java:515)[0m
[0m2021.02.03 15:41:29 INFO  [error] 	at java.base/java.util.concurrent.FutureTask.run(FutureTask.java:264)[0m
[0m2021.02.03 15:41:29 INFO  [error] 	at java.base/java.util.concurrent.ThreadPoolExecutor.runWorker(ThreadPoolExecutor.java:1128)[0m
[0m2021.02.03 15:41:29 INFO  [error] 	at java.base/java.util.concurrent.ThreadPoolExecutor$Worker.run(ThreadPoolExecutor.java:628)[0m
[0m2021.02.03 15:41:29 INFO  [error] 	at java.base/java.lang.Thread.run(Thread.java:834)[0m
[0m2021.02.03 15:41:29 INFO  [error] (update) sbt.librarymanagement.ResolveException: Error downloading com.holdenkarau:spark-testing-base_2.12:0.11.0[0m
[0m2021.02.03 15:41:29 INFO  [error]   Not found[0m
[0m2021.02.03 15:41:29 INFO  [error]   Not found[0m
[0m2021.02.03 15:41:29 INFO  [error]   not found: /home/jerry/.ivy2/localcom.holdenkarau/spark-testing-base_2.12/0.11.0/ivys/ivy.xml[0m
[0m2021.02.03 15:41:29 INFO  [error]   not found: https://repo1.maven.org/maven2/com/holdenkarau/spark-testing-base_2.12/0.11.0/spark-testing-base_2.12-0.11.0.pom[0m
[0m2021.02.03 15:41:29 INFO  [error] Total time: 2 s, completed Feb 3, 2021, 3:41:29 PM[0m
[0m2021.02.03 15:41:29 INFO  sbt bloopInstall exit: 1[0m
[0m2021.02.03 15:41:30 INFO  time: ran 'sbt bloopInstall' in 13s[0m
[0m2021.02.03 15:41:30 ERROR sbt command failed: /usr/lib/jvm/java-11-openjdk-amd64/bin/java -Djline.terminal=jline.UnsupportedTerminal -Dsbt.log.noformat=true -Dfile.encoding=UTF-8 -jar /tmp/metals11121216252119059155/sbt-launch.jar -Dbloop.export-jar-classifiers=sources bloopInstall[0m
[0m2021.02.03 15:43:25 WARN  no build target for: /home/jerry/covid-analysis-1/twitter-general/hashtag-count-comparison/build.sbt[0m
[0m2021.02.03 15:43:25 WARN  Unable to produce semanticdb for /home/jerry/covid-analysis-1/twitter-general/hashtag-count-comparison/build.sbt[0m
[0m2021.02.03 15:43:27 INFO  running '/usr/lib/jvm/java-11-openjdk-amd64/bin/java -Djline.terminal=jline.UnsupportedTerminal -Dsbt.log.noformat=true -Dfile.encoding=UTF-8 -jar /tmp/metals14346814392554514934/sbt-launch.jar -Dbloop.export-jar-classifiers=sources bloopInstall'[0m
[0m2021.02.03 15:43:29 INFO  [info] welcome to sbt 1.4.6 (Ubuntu Java 11.0.9.1)[0m
[0m2021.02.03 15:43:30 INFO  [info] loading global plugins from /home/jerry/.sbt/1.0/plugins[0m
[0m2021.02.03 15:43:32 INFO  [info] loading settings for project hashtag-count-comparison-build-build-build from metals.sbt ...[0m
[0m2021.02.03 15:43:32 INFO  [info] loading project definition from /home/jerry/covid-analysis-1/twitter-general/hashtag-count-comparison/project/project/project[0m
[0m2021.02.03 15:43:32 INFO  [info] loading settings for project hashtag-count-comparison-build-build from metals.sbt ...[0m
[0m2021.02.03 15:43:32 INFO  [info] loading project definition from /home/jerry/covid-analysis-1/twitter-general/hashtag-count-comparison/project/project[0m
[0m2021.02.03 15:43:34 INFO  [success] Generated .bloop/hashtag-count-comparison-build-build.json[0m
[0m2021.02.03 15:43:34 INFO  [success] Total time: 2 s, completed Feb 3, 2021, 3:43:35 PM[0m
[0m2021.02.03 15:43:34 INFO  [info] loading settings for project hashtag-count-comparison-build from metals.sbt,plugins.sbt ...[0m
[0m2021.02.03 15:43:34 INFO  [info] loading project definition from /home/jerry/covid-analysis-1/twitter-general/hashtag-count-comparison/project[0m
[0m2021.02.03 15:43:36 INFO  [success] Generated .bloop/hashtag-count-comparison-build.json[0m
[0m2021.02.03 15:43:36 INFO  [success] Total time: 1 s, completed Feb 3, 2021, 3:43:36 PM[0m
[0m2021.02.03 15:43:38 INFO  [info] loading settings for project hashtag-count-comparison from build.sbt ...[0m
[0m2021.02.03 15:43:38 INFO  [info] set current project to HashtagCountComparison (in build file:/home/jerry/covid-analysis-1/twitter-general/hashtag-count-comparison/)[0m
[0m2021.02.03 15:43:38 INFO  [warn] .env file not found (fileName=.env), no .env environment configured.[0m
[0m2021.02.03 15:43:43 INFO  [warn] There may be incompatibilities among your library dependencies; run 'evicted' to see detailed eviction warnings.[0m
[0m2021.02.03 15:43:45 INFO  [warn] There may be incompatibilities among your library dependencies; run 'evicted' to see detailed eviction warnings.[0m
[0m2021.02.03 15:43:45 INFO  [success] Generated .bloop/hashtag-count-comparison.json[0m
[0m2021.02.03 15:43:45 INFO  [success] Generated .bloop/hashtag-count-comparison-test.json[0m
[0m2021.02.03 15:43:45 INFO  [success] Total time: 7 s, completed Feb 3, 2021, 3:43:45 PM[0m
[0m2021.02.03 15:43:46 INFO  sbt bloopInstall exit: 0[0m
[0m2021.02.03 15:43:46 INFO  time: ran 'sbt bloopInstall' in 18s[0m
[0m2021.02.03 15:43:46 INFO  Attempting to connect to the build server...[0m
Starting the bsp launcher for bloop...
Opening a bsp server connection with 'bsp --protocol local --socket /tmp/bsp-launcher18161252282199114606/bsp.socket'...
Waiting for the bsp connection to come up...
[0m[32m[D][0m Loading 2 projects from '/home/jerry/covid-analysis-1/twitter-general/hashtag-count-comparison/.bloop'...
[0m[32m[D][0m Loading project from '/home/jerry/covid-analysis-1/twitter-general/hashtag-count-comparison/.bloop/hashtag-count-comparison.json'
[0m[32m[D][0m Loading project from '/home/jerry/covid-analysis-1/twitter-general/hashtag-count-comparison/.bloop/hashtag-count-comparison-test.json'
[0m[32m[D][0m Missing analysis file for project 'hashtag-count-comparison-test'
[0m[32m[D][0m Missing analysis file for project 'hashtag-count-comparison'
[0m[32m[D][0m Waiting for a connection at local:///tmp/bsp-launcher18161252282199114606/bsp.socket...
The server is listening for incoming connections at local:///tmp/bsp-launcher18161252282199114606/bsp.socket...
Starting thread that pumps stdin and redirects it to the bsp server...
Starting thread that pumps server stdout and redirects it to the client stdout...
[0m2021.02.03 15:43:46 INFO  tracing is disabled for protocol BSP, to enable tracing of incoming and outgoing JSON messages create an empty file at /home/jerry/.cache/metals/bsp.trace.json[0m
[0m2021.02.03 15:43:46 INFO  Attempting to connect to the build server...[0m
[0m2021.02.03 15:43:46 Starting the bsp launcher for bloop...INFO  
Attempting to connect to the build server...[0m
Opening a bsp server connection with 'bsp --protocol local --socket /tmp/bsp-launcher5864889561901980746/bsp.socket'...
Waiting for the bsp connection to come up...
Starting the bsp launcher for bloop...
Opening a bsp server connection with 'bsp --protocol local --socket /tmp/bsp-launcher6105774931920543834/bsp.socket'...
Waiting for the bsp connection to come up...
[0m[32m[D][0m Loading workspace settings from bloop.settings.json
[0m[32m[D][0m Waiting for a connection at local:///tmp/bsp-launcher5864889561901980746/bsp.socket...
The server is listening for incoming connections at local:///tmp/bsp-launcher5864889561901980746/bsp.socket...
Starting thread that pumps stdin and redirects it to the bsp server...
Starting thread that pumps server stdout and redirects it to the client stdout...
[0m2021.02.03 15:43:46 INFO  tracing is disabled for protocol BSP, to enable tracing of incoming and outgoing JSON messages create an empty file at /home/jerry/.cache/metals/bsp.trace.json[0m
[0m[32m[D][0m Loading workspace settings from bloop.settings.json
[0m[32m[D][0m Waiting for a connection at local:///tmp/bsp-launcher6105774931920543834/bsp.socket...
The server is listening for incoming connections at local:///tmp/bsp-launcher6105774931920543834/bsp.socket...
Starting thread that pumps stdin and redirects it to the bsp server...
Starting thread that pumps server stdout and redirects it to the client stdout...
[0m2021.02.03 15:43:46 INFO  tracing is disabled for protocol BSP, to enable tracing of incoming and outgoing JSON messages create an empty file at /home/jerry/.cache/metals/bsp.trace.json[0m
[0m2021.02.03 15:43:46 INFO  time: connected to build server in 0.45s[0m
[0m2021.02.03 15:43:46 INFO  Connected to Build server v1.4.6-21-464e4ec4[0m
[0m2021.02.03 15:43:49 WARN  Could not find java sources in None. Java symbols will not be available.[0m
[0m2021.02.03 15:43:53 INFO  time: indexed workspace in 6.57s[0m
[0m2021.02.03 15:43:53 INFO  compiling hashtag-count-comparison (1 scala source)[0m
[0m2021.02.03 15:43:55 INFO  compiling hashtag-count-comparison-test (1 scala source)[0m
[0m2021.02.03 15:43:55 INFO  time: compiled hashtag-count-comparison in 2.13s[0m
[0m2021.02.03 15:43:55 INFO  time: compiled hashtag-count-comparison-test in 0.64s[0m
[0m2021.02.03 15:44:03 INFO  compiling hashtag-count-comparison-test (1 scala source)[0m
[0m2021.02.03 15:44:03 INFO  time: compiled hashtag-count-comparison-test in 0.89s[0m
[0m2021.02.03 15:44:16 INFO  compiling hashtag-count-comparison-test (1 scala source)[0m
[0m2021.02.03 15:44:16 INFO  time: compiled hashtag-count-comparison-test in 0.74s[0m
[0m2021.02.03 15:44:18 INFO  compiling hashtag-count-comparison-test (1 scala source)[0m
[0m2021.02.03 15:44:18 INFO  time: compiled hashtag-count-comparison-test in 0.59s[0m
[0m2021.02.03 15:44:29 INFO  compiling hashtag-count-comparison-test (1 scala source)[0m
[0m2021.02.03 15:44:29 INFO  time: compiled hashtag-count-comparison-test in 0.72s[0m
[0m2021.02.03 15:44:33 INFO  compiling hashtag-count-comparison-test (1 scala source)[0m
[0m2021.02.03 15:44:33 INFO  time: compiled hashtag-count-comparison-test in 0.95s[0m
[0m2021.02.03 15:45:32 INFO  compiling hashtag-count-comparison-test (1 scala source)[0m
[0m2021.02.03 15:45:32 INFO  time: compiled hashtag-count-comparison-test in 0.7s[0m
[0m2021.02.03 15:45:50 INFO  compiling hashtag-count-comparison-test (1 scala source)[0m
[0m2021.02.03 15:45:50 INFO  time: compiled hashtag-count-comparison-test in 0.7s[0m
[0m2021.02.03 15:45:52 INFO  compiling hashtag-count-comparison-test (1 scala source)[0m
[0m2021.02.03 15:45:52 INFO  time: compiled hashtag-count-comparison-test in 0.67s[0m
[0m2021.02.03 15:45:56 INFO  compiling hashtag-count-comparison-test (1 scala source)[0m
[0m2021.02.03 15:45:57 INFO  time: compiled hashtag-count-comparison-test in 1.08s[0m
[0m2021.02.03 15:46:11 INFO  compiling hashtag-count-comparison-test (1 scala source)[0m
[0m2021.02.03 15:46:11 INFO  time: compiled hashtag-count-comparison-test in 0.68s[0m
[0m2021.02.03 15:46:53 INFO  compiling hashtag-count-comparison-test (1 scala source)[0m
[0m2021.02.03 15:46:53 INFO  time: compiled hashtag-count-comparison-test in 0.73s[0m
[0m2021.02.03 15:46:56 INFO  compiling hashtag-count-comparison-test (1 scala source)[0m
[0m2021.02.03 15:46:56 INFO  time: compiled hashtag-count-comparison-test in 65ms[0m
[0m2021.02.03 15:47:01 INFO  compiling hashtag-count-comparison-test (1 scala source)[0m
[0m2021.02.03 15:47:01 INFO  time: compiled hashtag-count-comparison-test in 0.62s[0m
[0m2021.02.03 15:47:04 INFO  compiling hashtag-count-comparison-test (1 scala source)[0m
[0m2021.02.03 15:47:04 INFO  time: compiled hashtag-count-comparison-test in 0.68s[0m
[0m2021.02.03 15:47:07 INFO  compiling hashtag-count-comparison-test (1 scala source)[0m
[0m2021.02.03 15:47:07 INFO  time: compiled hashtag-count-comparison-test in 0.73s[0m
[0m2021.02.03 15:47:18 INFO  compiling hashtag-count-comparison-test (1 scala source)[0m
[0m2021.02.03 15:47:18 INFO  time: compiled hashtag-count-comparison-test in 0.66s[0m
[0m2021.02.03 15:47:21 INFO  compiling hashtag-count-comparison-test (1 scala source)[0m
[0m2021.02.03 15:47:21 INFO  time: compiled hashtag-count-comparison-test in 0.62s[0m
[0m2021.02.03 15:47:42 INFO  compiling hashtag-count-comparison-test (1 scala source)[0m
[0m2021.02.03 15:47:42 INFO  time: compiled hashtag-count-comparison-test in 0.66s[0m
[0m2021.02.03 15:47:55 INFO  compiling hashtag-count-comparison-test (1 scala source)[0m
[0m2021.02.03 15:47:55 INFO  time: compiled hashtag-count-comparison-test in 0.7s[0m
[0m2021.02.03 15:48:17 INFO  compiling hashtag-count-comparison-test (1 scala source)[0m
[0m2021.02.03 15:48:17 INFO  time: compiled hashtag-count-comparison-test in 0.67s[0m
[0m2021.02.03 15:48:24 INFO  compiling hashtag-count-comparison-test (1 scala source)[0m
[0m2021.02.03 15:48:24 INFO  time: compiled hashtag-count-comparison-test in 0.83s[0m
[0m2021.02.03 15:48:31 INFO  compiling hashtag-count-comparison (1 scala source)[0m
[0m2021.02.03 15:48:31 INFO  time: compiled hashtag-count-comparison in 0.57s[0m
[0m2021.02.03 15:48:44 INFO  compiling hashtag-count-comparison-test (1 scala source)[0m
[0m2021.02.03 15:48:44 INFO  time: compiled hashtag-count-comparison-test in 0.69s[0m
[0m2021.02.03 15:48:46 INFO  compiling hashtag-count-comparison-test (1 scala source)[0m
[0m2021.02.03 15:48:46 INFO  time: compiled hashtag-count-comparison-test in 0.65s[0m
[0m2021.02.03 15:48:49 INFO  compiling hashtag-count-comparison-test (1 scala source)[0m
[0m2021.02.03 15:48:49 INFO  time: compiled hashtag-count-comparison-test in 0.62s[0m
[0m2021.02.03 15:48:54 INFO  compiling hashtag-count-comparison-test (1 scala source)[0m
[0m2021.02.03 15:48:54 INFO  time: compiled hashtag-count-comparison-test in 0.69s[0m
[0m2021.02.03 15:49:00 INFO  compiling hashtag-count-comparison-test (1 scala source)[0m
[0m2021.02.03 15:49:00 INFO  time: compiled hashtag-count-comparison-test in 0.68s[0m
[0m2021.02.03 15:49:16 INFO  compiling hashtag-count-comparison-test (1 scala source)[0m
[0m2021.02.03 15:49:16 INFO  time: compiled hashtag-count-comparison-test in 0.61s[0m
[0m2021.02.03 15:49:18 INFO  compiling hashtag-count-comparison-test (1 scala source)[0m
[0m2021.02.03 15:49:18 INFO  time: compiled hashtag-count-comparison-test in 0.62s[0m
[0m2021.02.03 15:49:28 INFO  compiling hashtag-count-comparison-test (1 scala source)[0m
[0m2021.02.03 15:49:28 INFO  time: compiled hashtag-count-comparison-test in 0.73s[0m
[0m2021.02.03 15:49:30 INFO  compiling hashtag-count-comparison-test (1 scala source)[0m
[0m2021.02.03 15:49:30 INFO  time: compiled hashtag-count-comparison-test in 0.25s[0m
[0m2021.02.03 15:49:46 INFO  compiling hashtag-count-comparison-test (1 scala source)[0m
[0m2021.02.03 15:49:46 INFO  time: compiled hashtag-count-comparison-test in 0.64s[0m
[0m2021.02.03 15:50:03 INFO  compiling hashtag-count-comparison-test (1 scala source)[0m
[0m2021.02.03 15:50:03 INFO  time: compiled hashtag-count-comparison-test in 0.77s[0m
[0m2021.02.03 15:50:07 INFO  compiling hashtag-count-comparison-test (1 scala source)[0m
[0m2021.02.03 15:50:07 INFO  time: compiled hashtag-count-comparison-test in 0.82s[0m
[0m2021.02.03 15:50:14 INFO  compiling hashtag-count-comparison-test (1 scala source)[0m
[0m2021.02.03 15:50:14 INFO  /home/jerry/covid-analysis-1/twitter-general/hashtag-count-comparison/src/test/scala/RunnerSpec.scala:41:31: stale bloop error: unclosed string literal
  "mapHashtags case 0" should "return a DataFrame contianing hashtags, the number of times that hashtag appears, and if it is covid related
                              ^[0m
[0m2021.02.03 15:50:14 INFO  time: compiled hashtag-count-comparison-test in 80ms[0m
[0m2021.02.03 15:50:15 INFO  /home/jerry/covid-analysis-1/twitter-general/hashtag-count-comparison/src/test/scala/RunnerSpec.scala:41:31: stale bloop error: unclosed string literal
  "mapHashtags case 0" should "return a DataFrame contianing hashtags, the number of times that hashtag appears, and if it is covid related
                              ^[0m
[0m2021.02.03 15:50:15 INFO  /home/jerry/covid-analysis-1/twitter-general/hashtag-count-comparison/src/test/scala/RunnerSpec.scala:41:31: stale bloop error: unclosed string literal
  "mapHashtags case 0" should "return a DataFrame contianing hashtags, the number of times that hashtag appears, and if it is covid related
                              ^[0m
[0m2021.02.03 15:50:15 INFO  /home/jerry/covid-analysis-1/twitter-general/hashtag-count-comparison/src/test/scala/RunnerSpec.scala:41:31: stale bloop error: unclosed string literal
  "mapHashtags case 0" should "return a DataFrame contianing hashtags, the number of times that hashtag appears, and if it is covid related
                              ^[0m
[0m2021.02.03 15:50:15 INFO  /home/jerry/covid-analysis-1/twitter-general/hashtag-count-comparison/src/test/scala/RunnerSpec.scala:41:31: stale bloop error: unclosed string literal
  "mapHashtags case 0" should "return a DataFrame contianing hashtags, the number of times that hashtag appears, and if it is covid related
                              ^[0m
[0m2021.02.03 15:50:17 INFO  /home/jerry/covid-analysis-1/twitter-general/hashtag-count-comparison/src/test/scala/RunnerSpec.scala:41:31: stale bloop error: unclosed string literal
  "mapHashtags case 0" should "return a DataFrame contianing hashtags, the number of times that hashtag appears, and if it is covid related
                              ^[0m
[0m2021.02.03 15:50:17 INFO  /home/jerry/covid-analysis-1/twitter-general/hashtag-count-comparison/src/test/scala/RunnerSpec.scala:41:31: stale bloop error: unclosed string literal
  "mapHashtags case 0" should "return a DataFrame contianing hashtags, the number of times that hashtag appears, and if it is covid related
                              ^[0m
[0m2021.02.03 15:50:18 INFO  compiling hashtag-count-comparison-test (1 scala source)[0m
[0m2021.02.03 15:50:18 INFO  time: compiled hashtag-count-comparison-test in 0.65s[0m
[0m2021.02.03 15:50:22 INFO  compiling hashtag-count-comparison-test (1 scala source)[0m
[0m2021.02.03 15:50:22 INFO  time: compiled hashtag-count-comparison-test in 77ms[0m
[0m2021.02.03 15:50:27 INFO  compiling hashtag-count-comparison-test (1 scala source)[0m
[0m2021.02.03 15:50:27 INFO  time: compiled hashtag-count-comparison-test in 0.65s[0m
[0m2021.02.03 15:50:37 INFO  compiling hashtag-count-comparison-test (1 scala source)[0m
[0m2021.02.03 15:50:37 INFO  time: compiled hashtag-count-comparison-test in 0.65s[0m
[0m2021.02.03 15:50:39 INFO  compiling hashtag-count-comparison-test (1 scala source)[0m
[0m2021.02.03 15:50:40 INFO  time: compiled hashtag-count-comparison-test in 1s[0m
[0m2021.02.03 15:50:45 INFO  compiling hashtag-count-comparison-test (1 scala source)[0m
[0m2021.02.03 15:50:45 INFO  time: compiled hashtag-count-comparison-test in 0.68s[0m
[0m2021.02.03 15:50:46 INFO  compiling hashtag-count-comparison-test (1 scala source)[0m
[0m2021.02.03 15:50:46 INFO  time: compiled hashtag-count-comparison-test in 0.26s[0m
[0m2021.02.03 15:50:50 INFO  compiling hashtag-count-comparison-test (1 scala source)[0m
[0m2021.02.03 15:50:50 INFO  time: compiled hashtag-count-comparison-test in 0.65s[0m
[0m2021.02.03 15:50:58 INFO  compiling hashtag-count-comparison-test (1 scala source)[0m
[0m2021.02.03 15:50:58 INFO  time: compiled hashtag-count-comparison-test in 0.73s[0m
[0m2021.02.03 15:51:00 INFO  /home/jerry/covid-analysis-1/twitter-general/hashtag-count-comparison/src/test/scala/RunnerSpec.scala:46:3: stale bloop warning: a pure expression does nothing in statement position; multiline expressions may require enclosing parentheses
  "reduceToCategories"
  ^^^^^^^^^^^^^^^^^^^^[0m
[0m2021.02.03 15:51:00 INFO  /home/jerry/covid-analysis-1/twitter-general/hashtag-count-comparison/src/test/scala/RunnerSpec.scala:46:3: stale bloop warning: a pure expression does nothing in statement position; multiline expressions may require enclosing parentheses
  "reduceToCategories"
  ^^^^^^^^^^^^^^^^^^^^[0m
[0m2021.02.03 15:51:02 INFO  /home/jerry/covid-analysis-1/twitter-general/hashtag-count-comparison/src/test/scala/RunnerSpec.scala:46:3: stale bloop warning: a pure expression does nothing in statement position; multiline expressions may require enclosing parentheses
  "reduceToCategories"
  ^^^^^^^^^^^^^^^^^^^^[0m
[0m2021.02.03 15:51:02 INFO  /home/jerry/covid-analysis-1/twitter-general/hashtag-count-comparison/src/test/scala/RunnerSpec.scala:46:3: stale bloop warning: a pure expression does nothing in statement position; multiline expressions may require enclosing parentheses
  "reduceToCategories"
  ^^^^^^^^^^^^^^^^^^^^[0m
[0m2021.02.03 15:51:04 INFO  compiling hashtag-count-comparison-test (1 scala source)[0m
[0m2021.02.03 15:51:04 INFO  time: compiled hashtag-count-comparison-test in 0.89s[0m
[0m2021.02.03 15:51:07 INFO  compiling hashtag-count-comparison-test (1 scala source)[0m
[0m2021.02.03 15:51:07 INFO  time: compiled hashtag-count-comparison-test in 0.68s[0m
[0m2021.02.03 15:51:17 INFO  compiling hashtag-count-comparison-test (1 scala source)[0m
[0m2021.02.03 15:51:17 INFO  time: compiled hashtag-count-comparison-test in 0.63s[0m
[0m2021.02.03 15:51:25 INFO  compiling hashtag-count-comparison-test (1 scala source)[0m
[0m2021.02.03 15:51:25 INFO  time: compiled hashtag-count-comparison-test in 0.58s[0m
[0m2021.02.03 15:51:28 INFO  compiling hashtag-count-comparison-test (1 scala source)[0m
[0m2021.02.03 15:51:28 INFO  time: compiled hashtag-count-comparison-test in 0.6s[0m
[0m2021.02.03 15:51:36 INFO  compiling hashtag-count-comparison-test (1 scala source)[0m
[0m2021.02.03 15:51:36 INFO  time: compiled hashtag-count-comparison-test in 0.69s[0m
[0m2021.02.03 15:51:41 INFO  compiling hashtag-count-comparison-test (1 scala source)[0m
[0m2021.02.03 15:51:41 INFO  time: compiled hashtag-count-comparison-test in 0.61s[0m
[0m2021.02.03 15:51:49 INFO  compiling hashtag-count-comparison-test (1 scala source)[0m
[0m2021.02.03 15:51:49 INFO  time: compiled hashtag-count-comparison-test in 0.82s[0m
[0m2021.02.03 15:51:54 INFO  compiling hashtag-count-comparison-test (1 scala source)[0m
[0m2021.02.03 15:51:54 INFO  time: compiled hashtag-count-comparison-test in 0.67s[0m
[0m2021.02.03 15:51:58 INFO  compiling hashtag-count-comparison-test (1 scala source)[0m
[0m2021.02.03 15:51:58 INFO  time: compiled hashtag-count-comparison-test in 0.16s[0m
[0m2021.02.03 15:52:00 INFO  compiling hashtag-count-comparison-test (1 scala source)[0m
[0m2021.02.03 15:52:00 INFO  time: compiled hashtag-count-comparison-test in 0.98s[0m
[0m2021.02.03 15:52:14 INFO  compiling hashtag-count-comparison-test (1 scala source)[0m
[0m2021.02.03 15:52:14 INFO  time: compiled hashtag-count-comparison-test in 0.62s[0m
